<?xml version="1.0" encoding="UTF-8"?>
<!-- Generated by org.testng.reporters.JUnitReportReporter -->
<testsuite hostname="DESKTOP-KRO9T2E" failures="0" tests="1" name="com.rmgyantra.difference_ways_to_post.createProjectUsingHashMap" time="4.425" errors="0" timestamp="2021-12-08T17:57:31 IST" skipped="0">
  <testcase classname="com.rmgyantra.difference_ways_to_post.createProjectUsingHashMap" name="CreateByhashmap" time="4.425"/>
  <system-out/>
</testsuite> <!-- com.rmgyantra.difference_ways_to_post.createProjectUsingHashMap -->
