<?xml version="1.0" encoding="UTF-8"?>
<!-- Generated by org.testng.reporters.JUnitReportReporter -->
<testsuite hostname="DESKTOP-KRO9T2E" failures="0" tests="1" name="com.rmgyantra.RequestChaining.ResquetChaining" time="7.450" errors="0" timestamp="2021-12-09T17:30:58 IST" skipped="0">
  <testcase classname="com.rmgyantra.RequestChaining.ResquetChaining" name="requestChaining" time="7.450"/>
  <system-out/>
</testsuite> <!-- com.rmgyantra.RequestChaining.ResquetChaining -->
