<?xml version="1.0" encoding="UTF-8"?>
<!-- Generated by org.testng.reporters.JUnitReportReporter -->
<testsuite hostname="DESKTOP-KRO9T2E" failures="0" tests="1" name="com.ramgyantaPathparameters.pathParameter" time="5.677" errors="0" timestamp="2021-12-09T16:33:50 IST" skipped="0">
  <testcase classname="com.ramgyantaPathparameters.pathParameter" name="PathParameterTest" time="5.677"/>
  <system-out/>
</testsuite> <!-- com.ramgyantaPathparameters.pathParameter -->
