<?xml version="1.0" encoding="UTF-8"?>
<!-- Generated by org.testng.reporters.JUnitReportReporter -->
<testsuite hostname="DESKTOP-KRO9T2E" failures="0" tests="1" name="com.rmgyantra.difference_ways_to_post.CreatingByUsingJsonTest" time="7.616" errors="0" timestamp="2021-12-08T17:16:58 IST" skipped="0">
  <testcase classname="com.rmgyantra.difference_ways_to_post.CreatingByUsingJsonTest" name="creatTest" time="7.616"/>
  <system-out/>
</testsuite> <!-- com.rmgyantra.difference_ways_to_post.CreatingByUsingJsonTest -->
