<?xml version="1.0" encoding="UTF-8"?>
<!-- Generated by org.testng.reporters.JUnitReportReporter -->
<testsuite hostname="DESKTOP-KRO9T2E" failures="0" tests="1" name="CRUD_Operationwith_BDD.UpdateTheProjectTest" time="4.338" errors="0" timestamp="2021-12-08T16:13:53 IST" skipped="0">
  <testcase classname="CRUD_Operationwith_BDD.UpdateTheProjectTest" name="PutMethod" time="4.338"/>
  <system-out/>
</testsuite> <!-- CRUD_Operationwith_BDD.UpdateTheProjectTest -->
