<?xml version="1.0" encoding="UTF-8"?>
<!-- Generated by org.testng.reporters.JUnitReportReporter -->
<testsuite hostname="DESKTOP-KRO9T2E" failures="0" tests="1" name="com.rmgyantra.authenticationTest.oAuthTest" time="6.273" errors="0" timestamp="2021-12-13T15:48:56 IST" skipped="0">
  <testcase classname="com.rmgyantra.authenticationTest.oAuthTest" name="oAuth" time="6.273"/>
  <system-out/>
</testsuite> <!-- com.rmgyantra.authenticationTest.oAuthTest -->
