<?xml version="1.0" encoding="UTF-8"?>
<!-- Generated by org.testng.reporters.JUnitReportReporter -->
<testsuite hostname="DESKTOP-KRO9T2E" failures="0" tests="1" name="CRUD_Operation_withOut_BDD.creatprojectTest" time="10.742" errors="0" timestamp="2021-12-08T15:33:24 IST" skipped="0">
  <testcase classname="CRUD_Operation_withOut_BDD.creatprojectTest" name="creat" time="10.742"/>
  <system-out/>
</testsuite> <!-- CRUD_Operation_withOut_BDD.creatprojectTest -->
