<?xml version="1.0" encoding="UTF-8"?>
<!-- Generated by org.testng.reporters.JUnitReportReporter -->
<testsuite hostname="DESKTOP-KRO9T2E" failures="0" tests="1" name="com.rmgyantra.ResponseValidation.DynamicResponoseValidation" time="5.330" errors="0" timestamp="2021-12-09T15:58:13 IST" skipped="0">
  <testcase classname="com.rmgyantra.ResponseValidation.DynamicResponoseValidation" name="dynamicResponse" time="5.330"/>
  <system-out/>
</testsuite> <!-- com.rmgyantra.ResponseValidation.DynamicResponoseValidation -->
