<?xml version="1.0" encoding="UTF-8"?>
<!-- Generated by org.testng.reporters.JUnitReportReporter -->
<testsuite hostname="DESKTOP-KRO9T2E" failures="0" tests="1" name="CRUD_Operation_withOut_BDD.GetAllTheProjects" time="4.071" errors="0" timestamp="2021-12-07T16:53:24 IST" skipped="0">
  <testcase classname="CRUD_Operation_withOut_BDD.GetAllTheProjects" name="getAllProjectsTest" time="4.071"/>
  <system-out/>
</testsuite> <!-- CRUD_Operation_withOut_BDD.GetAllTheProjects -->
