<?xml version="1.0" encoding="UTF-8"?>
<!-- Generated by org.testng.reporters.JUnitReportReporter -->
<testsuite hostname="DESKTOP-KRO9T2E" failures="0" tests="1" name="com.ramgyantaPathparameters.githubParameterTest" time="18.421" errors="0" timestamp="2021-12-10T15:17:20 IST" skipped="0">
  <testcase classname="com.ramgyantaPathparameters.githubParameterTest" name="gitpathparameter" time="18.421"/>
  <system-out/>
</testsuite> <!-- com.ramgyantaPathparameters.githubParameterTest -->
