<?xml version="1.0" encoding="UTF-8"?>
<!-- Generated by org.testng.reporters.JUnitReportReporter -->
<testsuite hostname="DESKTOP-KRO9T2E" failures="0" tests="1" name="com.rmgyantra.authenticationTest.barerTokenTest" time="5.388" errors="0" timestamp="2021-12-10T16:15:51 IST" skipped="0">
  <testcase classname="com.rmgyantra.authenticationTest.barerTokenTest" name="barerToken" time="5.388"/>
  <system-out/>
</testsuite> <!-- com.rmgyantra.authenticationTest.barerTokenTest -->
