<?xml version="1.0" encoding="UTF-8"?>
<!-- Generated by org.testng.reporters.JUnitReportReporter -->
<testsuite hostname="DESKTOP-KRO9T2E" failures="0" tests="1" name="CRUD_Operation_withOut_BDD.UpdateProject" time="4.986" errors="0" timestamp="2021-12-08T15:56:18 IST" skipped="0">
  <testcase classname="CRUD_Operation_withOut_BDD.UpdateProject" name="PutMethod" time="4.986"/>
  <system-out/>
</testsuite> <!-- CRUD_Operation_withOut_BDD.UpdateProject -->
