<?xml version="1.0" encoding="UTF-8"?>
<!-- Generated by org.testng.reporters.JUnitReportReporter -->
<testsuite hostname="DESKTOP-KRO9T2E" failures="0" tests="1" name="CRUD_Operationwith_BDD.deleteTheProject" time="3.947" errors="0" timestamp="2021-12-08T17:26:28 IST" skipped="0">
  <testcase classname="CRUD_Operationwith_BDD.deleteTheProject" name="DeleteTheProject" time="3.947"/>
  <system-out/>
</testsuite> <!-- CRUD_Operationwith_BDD.deleteTheProject -->
