<?xml version="1.0" encoding="UTF-8"?>
<!-- Generated by org.testng.reporters.JUnitReportReporter -->
<testsuite hostname="DESKTOP-KRO9T2E" failures="0" tests="1" name="com.rmgyantra.authenticationTest.basicAuthTest" time="11.419" errors="0" timestamp="2021-12-10T16:05:14 IST" skipped="0">
  <testcase classname="com.rmgyantra.authenticationTest.basicAuthTest" name="basicAuth" time="11.419"/>
  <system-out/>
</testsuite> <!-- com.rmgyantra.authenticationTest.basicAuthTest -->
