<?xml version="1.0" encoding="UTF-8"?>
<!-- Generated by org.testng.reporters.JUnitReportReporter -->
<testsuite hostname="DESKTOP-KRO9T2E" failures="0" tests="2" name="CRUD_Operationwith_BDD.CreateProjectUsingPojoTest" time="4.542" errors="0" timestamp="2021-12-09T15:50:08 IST" skipped="0">
  <testcase classname="CRUD_Operationwith_BDD.CreateProjectUsingPojoTest" name="creatbyUsingPojo" time="0.149"/>
  <system-out/>
  <testcase classname="CRUD_Operationwith_BDD.CreateProjectUsingPojoTest" name="creatbyUsingPojo" time="4.393"/>
  <system-out/>
</testsuite> <!-- CRUD_Operationwith_BDD.CreateProjectUsingPojoTest -->
